[0704/183351:ERROR:process_info.cc(608)] range at 0xff1f8000, size 0x230 fully unreadable
[0704/183351:ERROR:process_info.cc(608)] range at 0xff288000, size 0x230 fully unreadable
[0704/183351:ERROR:process_reader_win.cc(141)] SuspendThread: Отказано в доступе. (0x5)
[0704/183351:ERROR:process_reader_win.cc(141)] SuspendThread: Отказано в доступе. (0x5)
[0704/183351:ERROR:process_reader_win.cc(141)] SuspendThread: Отказано в доступе. (0x5)
[0704/183351:ERROR:process_reader_win.cc(141)] SuspendThread: Отказано в доступе. (0x5)
[0704/183351:ERROR:process_reader_win.cc(141)] SuspendThread: Отказано в доступе. (0x5)
[0704/183351:ERROR:process_reader_win.cc(141)] SuspendThread: Отказано в доступе. (0x5)
[0704/183351:ERROR:process_reader_win.cc(141)] SuspendThread: Отказано в доступе. (0x5)
[0704/183351:ERROR:process_reader_win.cc(141)] SuspendThread: Отказано в доступе. (0x5)
[0704/183351:ERROR:process_reader_win.cc(141)] SuspendThread: Отказано в доступе. (0x5)
[0704/183351:ERROR:exception_snapshot_win.cc(57)] thread ID 8576 not found in process
[0704/183351:WARNING:crash_report_exception_handler.cc(60)] ProcessSnapshotWin::InitializeException failed
[0704/183351:ERROR:process_reader_win.cc(172)] ResumeThread: Операция успешно завершена. (0x0)
[0704/183351:ERROR:process_reader_win.cc(141)] SuspendThread: Отказано в доступе. (0x5)
[0704/183351:ERROR:process_reader_win.cc(141)] SuspendThread: Отказано в доступе. (0x5)
[0704/183351:ERROR:process_info.cc(608)] range at 0xff1fe000, size 0xf84 fully unreadable
[0704/183351:ERROR:process_info.cc(608)] range at 0xff1fb000, size 0xf84 fully unreadable
[0704/183351:ERROR:process_info.cc(608)] range at 0xff1f7000, size 0xf84 fully unreadable
[0704/183351:ERROR:process_info.cc(608)] range at 0xff0cf000, size 0xf84 fully unreadable
[0704/183351:ERROR:process_info.cc(608)] range at 0xff0cc000, size 0xf84 fully unreadable
[0704/183351:ERROR:process_info.cc(608)] range at 0xff0c9000, size 0xf84 fully unreadable
[0704/183352:ERROR:process_reader_win.cc(232)] ReadMemory at 0x1d0000 of 64 bytes failed: Запрос ReadProcessMemory или WriteProcessMemory был выполнен только частично. (0x12B)
[0704/183352:WARNING:pe_image_reader.cc(280)] could not read dos header from C:\Program Files (x86)\Google\Chrome\Application\chrome.exe
[0704/183352:ERROR:process_reader_win.cc(232)] ReadMemory at 0x779d0000 of 64 bytes failed: Запрос ReadProcessMemory или WriteProcessMemory был выполнен только частично. (0x12B)
[0704/183352:WARNING:pe_image_reader.cc(280)] could not read dos header from C:\Windows\SYSTEM32\ntdll.dll
[0704/183352:ERROR:process_reader_win.cc(232)] ReadMemory at 0x74c40000 of 64 bytes failed: Запрос ReadProcessMemory или WriteProcessMemory был выполнен только частично. (0x12B)
[0704/183352:WARNING:pe_image_reader.cc(280)] could not read dos header from C:\Windows\SYSTEM32\KERNELBASE.dll
[0704/183352:ERROR:process_reader_win.cc(232)] ReadMemory at 0x75350000 of 64 bytes failed: Запрос ReadProcessMemory или WriteProcessMemory был выполнен только частично. (0x12B)
[0704/183352:WARNING:pe_image_reader.cc(280)] could not read dos header from C:\Windows\SYSTEM32\KERNEL32.DLL
[0704/183352:ERROR:process_reader_win.cc(232)] ReadMemory at 0x734d0000 of 64 bytes failed: Запрос ReadProcessMemory или WriteProcessMemory был выполнен только частично. (0x12B)
[0704/183352:WARNING:pe_image_reader.cc(280)] could not read dos header from C:\Windows\system32\apphelp.dll
[0704/183352:ERROR:process_reader_win.cc(232)] ReadMemory at 0x75070000 of 64 bytes failed: Запрос ReadProcessMemory или WriteProcessMemory был выполнен только частично. (0x12B)
[0704/183352:WARNING:pe_image_reader.cc(280)] could not read dos header from C:\Windows\SYSTEM32\msvcrt.dll
[0704/183352:ERROR:process_reader_win.cc(232)] ReadMemory at 0x74a70000 of 64 bytes failed: Запрос ReadProcessMemory или WriteProcessMemory был выполнен только частично. (0x12B)
[0704/183352:WARNING:pe_image_reader.cc(280)] could not read dos header from C:\Windows\SYSTEM32\bcryptPrimitives.dll
[0704/183352:ERROR:process_reader_win.cc(232)] ReadMemory at 0x74ad0000 of 64 bytes failed: Запрос ReadProcessMemory или WriteProcessMemory был выполнен только частично. (0x12B)
[0704/183352:WARNING:pe_image_reader.cc(280)] could not read dos header from C:\Windows\SYSTEM32\CRYPTBASE.dll
[0704/183352:ERROR:process_reader_win.cc(232)] ReadMemory at 0x74ae0000 of 64 bytes failed: Запрос ReadProcessMemory или WriteProcessMemory был выполнен только частично. (0x12B)
[0704/183352:WARNING:pe_image_reader.cc(280)] could not read dos header from C:\Windows\SYSTEM32\SspiCli.dll
[0704/183352:ERROR:process_reader_win.cc(232)] ReadMemory at 0x76f70000 of 64 bytes failed: Запрос ReadProcessMemory или WriteProcessMemory был выполнен только частично. (0x12B)
[0704/183352:WARNING:pe_image_reader.cc(280)] could not read dos header from C:\Windows\SYSTEM32\RPCRT4.dll
[0704/183352:ERROR:process_reader_win.cc(232)] ReadMemory at 0x77140000 of 64 bytes failed: Запрос ReadProcessMemory или WriteProcessMemory был выполнен только частично. (0x12B)
[0704/183352:WARNING:pe_image_reader.cc(280)] could not read dos header from C:\Windows\SYSTEM32\sechost.dll
[0704/183352:ERROR:process_reader_win.cc(232)] ReadMemory at 0x756b0000 of 64 bytes failed: Запрос ReadProcessMemory или WriteProcessMemory был выполнен только частично. (0x12B)
[0704/183352:WARNING:pe_image_reader.cc(280)] could not read dos header from C:\Windows\SYSTEM32\ADVAPI32.dll
[0704/183352:ERROR:process_reader_win.cc(232)] ReadMemory at 0x67dd0000 of 64 bytes failed: Запрос ReadProcessMemory или WriteProcessMemory был выполнен только частично. (0x12B)
[0704/183352:WARNING:pe_image_reader.cc(280)] could not read dos header from C:\Program Files (x86)\Google\Chrome\Application\51.0.2704.103\chrome_elf.dll
[0704/183352:ERROR:process_reader_win.cc(232)] ReadMemory at 0x74a60000 of 64 bytes failed: Запрос ReadProcessMemory или WriteProcessMemory был выполнен только частично. (0x12B)
[0704/183352:WARNING:pe_image_reader.cc(280)] could not read dos header from C:\Windows\SYSTEM32\VERSION.dll
[0704/183352:ERROR:process_reader_win.cc(232)] ReadMemory at 0x76f30000 of 64 bytes failed: Запрос ReadProcessMemory или WriteProcessMemory был выполнен только частично. (0x12B)
[0704/183352:WARNING:pe_image_reader.cc(280)] could not read dos header from C:\Windows\SYSTEM32\cfgmgr32.dll
[0704/183352:ERROR:process_reader_win.cc(232)] ReadMemory at 0x74970000 of 64 bytes failed: Запрос ReadProcessMemory или WriteProcessMemory был выполнен только частично. (0x12B)
[0704/183352:WARNING:pe_image_reader.cc(280)] could not read dos header from C:\Windows\SYSTEM32\DEVOBJ.dll
[0704/183352:ERROR:process_reader_win.cc(232)] ReadMemory at 0x71270000 of 64 bytes failed: Запрос ReadProcessMemory или WriteProcessMemory был выполнен только частично. (0x12B)
[0704/183352:WARNING:pe_image_reader.cc(280)] could not read dos header from C:\Windows\SYSTEM32\WINMMBASE.dll
[0704/183352:ERROR:process_reader_win.cc(232)] ReadMemory at 0x75500000 of 64 bytes failed: Запрос ReadProcessMemory или WriteProcessMemory был выполнен только частично. (0x12B)
[0704/183352:WARNING:pe_image_reader.cc(280)] could not read dos header from C:\Windows\SYSTEM32\GDI32.dll
[0704/183352:ERROR:process_reader_win.cc(232)] ReadMemory at 0x757a0000 of 64 bytes failed: Запрос ReadProcessMemory или WriteProcessMemory был выполнен только частично. (0x12B)
[0704/183352:WARNING:pe_image_reader.cc(280)] could not read dos header from C:\Windows\SYSTEM32\USER32.dll
[0704/183352:ERROR:process_reader_win.cc(232)] ReadMemory at 0x77020000 of 64 bytes failed: Запрос ReadProcessMemory или WriteProcessMemory был выполнен только частично. (0x12B)
[0704/183352:WARNING:pe_image_reader.cc(280)] could not read dos header from C:\Windows\SYSTEM32\MSCTF.dll
[0704/183352:ERROR:process_reader_win.cc(232)] ReadMemory at 0x74dc0000 of 64 bytes failed: Запрос ReadProcessMemory или WriteProcessMemory был выполнен только частично. (0x12B)
[0704/183352:WARNING:pe_image_reader.cc(280)] could not read dos header from C:\Windows\SYSTEM32\IMM32.DLL
[0704/183352:ERROR:process_reader_win.cc(232)] ReadMemory at 0x712b0000 of 64 bytes failed: Запрос ReadProcessMemory или WriteProcessMemory был выполнен только частично. (0x12B)
[0704/183352:WARNING:pe_image_reader.cc(280)] could not read dos header from C:\Windows\SYSTEM32\WINMM.dll
[0704/183352:ERROR:process_reader_win.cc(232)] ReadMemory at 0x758f0000 of 64 bytes failed: Запрос ReadProcessMemory или WriteProcessMemory был выполнен только частично. (0x12B)
[0704/183352:WARNING:pe_image_reader.cc(280)] could not read dos header from C:\Windows\SYSTEM32\profapi.dll
[0704/183352:ERROR:process_reader_win.cc(232)] ReadMemory at 0x74920000 of 64 bytes failed: Запрос ReadProcessMemory или WriteProcessMemory был выполнен только частично. (0x12B)
[0704/183352:WARNING:pe_image_reader.cc(280)] could not read dos header from C:\Windows\SYSTEM32\USERENV.dll
[0704/183352:ERROR:process_reader_win.cc(232)] ReadMemory at 0x748f0000 of 64 bytes failed: Запрос ReadProcessMemory или WriteProcessMemory был выполнен только частично. (0x12B)
[0704/183352:WARNING:pe_image_reader.cc(280)] could not read dos header from C:\Windows\SYSTEM32\WTSAPI32.dll
[0704/183352:ERROR:process_reader_win.cc(232)] ReadMemory at 0x71010000 of 64 bytes failed: Запрос ReadProcessMemory или WriteProcessMemory был выполнен только частично. (0x12B)
[0704/183352:WARNING:pe_image_reader.cc(280)] could not read dos header from C:\Windows\SYSTEM32\WINHTTP.dll
[0704/183352:ERROR:process_reader_win.cc(232)] ReadMemory at 0x75900000 of 64 bytes failed: Запрос ReadProcessMemory или WriteProcessMemory был выполнен только частично. (0x12B)
[0704/183352:WARNING:pe_image_reader.cc(280)] could not read dos header from C:\Windows\SYSTEM32\combase.dll
[0704/183352:ERROR:process_reader_win.cc(232)] ReadMemory at 0x75660000 of 64 bytes failed: Запрос ReadProcessMemory или WriteProcessMemory был выполнен только частично. (0x12B)
[0704/183352:WARNING:pe_image_reader.cc(280)] could not read dos header from C:\Windows\SYSTEM32\shlwapi.dll
[0704/183352:ERROR:process_reader_win.cc(232)] ReadMemory at 0x75650000 of 64 bytes failed: Запрос ReadProcessMemory или WriteProcessMemory был выполнен только частично. (0x12B)
[0704/183352:WARNING:pe_image_reader.cc(280)] could not read dos header from C:\Windows\SYSTEM32\kernel.appcore.dll
[0704/183352:ERROR:process_reader_win.cc(232)] ReadMemory at 0x752b0000 of 64 bytes failed: Запрос ReadProcessMemory или WriteProcessMemory был выполнен только частично. (0x12B)
[0704/183352:WARNING:pe_image_reader.cc(280)] could not read dos header from C:\Windows\SYSTEM32\shcore.dll
[0704/183352:ERROR:process_reader_win.cc(232)] ReadMemory at 0x76e80000 of 64 bytes failed: Запрос ReadProcessMemory или WriteProcessMemory был выполнен только частично. (0x12B)
[0704/183352:WARNING:pe_image_reader.cc(280)] could not read dos header from C:\Windows\SYSTEM32\powrprof.dll
[0704/183352:ERROR:process_reader_win.cc(232)] ReadMemory at 0x77190000 of 64 bytes failed: Запрос ReadProcessMemory или WriteProcessMemory был выполнен только частично. (0x12B)
[0704/183352:WARNING:pe_image_reader.cc(280)] could not read dos header from C:\Windows\SYSTEM32\windows.storage.dll
[0704/183352:ERROR:process_reader_win.cc(232)] ReadMemory at 0x75ac0000 of 64 bytes failed: Запрос ReadProcessMemory или WriteProcessMemory был выполнен только частично. (0x12B)
[0704/183352:WARNING:pe_image_reader.cc(280)] could not read dos header from C:\Windows\SYSTEM32\SHELL32.dll
[0704/183352:ERROR:process_reader_win.cc(232)] ReadMemory at 0x75340000 of 64 bytes failed: Запрос ReadProcessMemory или WriteProcessMemory был выполнен только частично. (0x12B)
[0704/183352:WARNING:pe_image_reader.cc(280)] could not read dos header from C:\Windows\SYSTEM32\PSAPI.DLL
[0704/183352:ERROR:process_reader_win.cc(232)] ReadMemory at 0x749d0000 of 64 bytes failed: Запрос ReadProcessMemory или WriteProcessMemory был выполнен только частично. (0x12B)
[0704/183352:WARNING:pe_image_reader.cc(280)] could not read dos header from C:\Windows\SYSTEM32\bcrypt.dll
[0704/183352:ERROR:process_reader_win.cc(232)] ReadMemory at 0x749f0000 of 64 bytes failed: Запрос ReadProcessMemory или WriteProcessMemory был выполнен только частично. (0x12B)
[0704/183352:WARNING:pe_image_reader.cc(280)] could not read dos header from C:\Windows\SYSTEM32\WINSPOOL.DRV
[0704/183352:ERROR:process_reader_win.cc(232)] ReadMemory at 0x743b0000 of 64 bytes failed: Запрос ReadProcessMemory или WriteProcessMemory был выполнен только частично. (0x12B)
[0704/183352:WARNING:pe_image_reader.cc(280)] could not read dos header from C:\Windows\WinSxS\x86_microsoft.windows.common-controls_6595b64144ccf1df_6.0.10240.16384_none_3bccb1ff6bcd1849\COMCTL32.dll
[0704/183352:ERROR:process_reader_win.cc(232)] ReadMemory at 0x75440000 of 64 bytes failed: Запрос ReadProcessMemory или WriteProcessMemory был выполнен только частично. (0x12B)
[0704/183352:WARNING:pe_image_reader.cc(280)] could not read dos header from C:\Windows\SYSTEM32\COMDLG32.dll
[0704/183352:ERROR:process_reader_win.cc(232)] ReadMemory at 0x777e0000 of 64 bytes failed: Запрос ReadProcessMemory или WriteProcessMemory был выполнен только частично. (0x12B)
[0704/183352:WARNING:pe_image_reader.cc(280)] could not read dos header from C:\Windows\SYSTEM32\ole32.dll
[0704/183352:ERROR:process_reader_win.cc(232)] ReadMemory at 0x74b00000 of 64 bytes failed: Запрос ReadProcessMemory или WriteProcessMemory был выполнен только частично. (0x12B)
[0704/183352:WARNING:pe_image_reader.cc(280)] could not read dos header from C:\Windows\SYSTEM32\OLEAUT32.dll
[0704/183352:ERROR:process_reader_win.cc(232)] ReadMemory at 0x75790000 of 64 bytes failed: Запрос ReadProcessMemory или WriteProcessMemory был выполнен только частично. (0x12B)
[0704/183352:WARNING:pe_image_reader.cc(280)] could not read dos header from C:\Windows\SYSTEM32\NSI.dll
[0704/183352:ERROR:process_reader_win.cc(232)] ReadMemory at 0x743a0000 of 64 bytes failed: Запрос ReadProcessMemory или WriteProcessMemory был выполнен только частично. (0x12B)
[0704/183352:WARNING:pe_image_reader.cc(280)] could not read dos header from C:\Windows\SYSTEM32\WINNSI.DLL
[0704/183352:ERROR:process_reader_win.cc(232)] ReadMemory at 0x74940000 of 64 bytes failed: Запрос ReadProcessMemory или WriteProcessMemory был выполнен только частично. (0x12B)
[0704/183352:WARNING:pe_image_reader.cc(280)] could not read dos header from C:\Windows\SYSTEM32\IPHLPAPI.DLL
[0704/183352:ERROR:process_reader_win.cc(232)] ReadMemory at 0x74fa0000 of 64 bytes failed: Запрос ReadProcessMemory или WriteProcessMemory был выполнен только частично. (0x12B)
[0704/183352:WARNING:pe_image_reader.cc(280)] could not read dos header from C:\Windows\SYSTEM32\WS2_32.dll
[0704/183352:ERROR:process_reader_win.cc(232)] ReadMemory at 0x73b50000 of 64 bytes failed: Запрос ReadProcessMemory или WriteProcessMemory был выполнен только частично. (0x12B)
[0704/183352:WARNING:pe_image_reader.cc(280)] could not read dos header from C:\Windows\SYSTEM32\USP10.dll
[0704/183352:ERROR:process_reader_win.cc(232)] ReadMemory at 0x75060000 of 64 bytes failed: Запрос ReadProcessMemory или WriteProcessMemory был выполнен только частично. (0x12B)
[0704/183352:WARNING:pe_image_reader.cc(280)] could not read dos header from C:\Windows\SYSTEM32\MSASN1.dll
[0704/183352:ERROR:process_reader_win.cc(232)] ReadMemory at 0x75130000 of 64 bytes failed: Запрос ReadProcessMemory или WriteProcessMemory был выполнен только частично. (0x12B)
[0704/183352:WARNING:pe_image_reader.cc(280)] could not read dos header from C:\Windows\SYSTEM32\CRYPT32.dll
[0704/183352:ERROR:process_reader_win.cc(232)] ReadMemory at 0x77980000 of 64 bytes failed: Запрос ReadProcessMemory или WriteProcessMemory был выполнен только частично. (0x12B)
[0704/183352:WARNING:pe_image_reader.cc(280)] could not read dos header from C:\Windows\SYSTEM32\WINTRUST.dll
[0704/183352:ERROR:process_reader_win.cc(232)] ReadMemory at 0x70ee0000 of 64 bytes failed: Запрос ReadProcessMemory или WriteProcessMemory был выполнен только частично. (0x12B)
[0704/183352:WARNING:pe_image_reader.cc(280)] could not read dos header from C:\Windows\SYSTEM32\Secur32.dll
[0704/183352:ERROR:process_reader_win.cc(232)] ReadMemory at 0x624e0000 of 64 bytes failed: Запрос ReadProcessMemory или WriteProcessMemory был выполнен только частично. (0x12B)
[0704/183352:WARNING:pe_image_reader.cc(280)] could not read dos header from C:\Program Files (x86)\Google\Chrome\Application\51.0.2704.103\chrome_child.dll
[0704/183352:ERROR:process_reader_win.cc(232)] ReadMemory at 0x70160000 of 64 bytes failed: Запрос ReadProcessMemory или WriteProcessMemory был выполнен только частично. (0x12B)
[0704/183352:WARNING:pe_image_reader.cc(280)] could not read dos header from C:\Windows\SYSTEM32\dwrite.dll
[0704/183352:ERROR:process_reader_win.cc(232)] ReadMemory at 0x1d0000 of 64 bytes failed: Запрос ReadProcessMemory или WriteProcessMemory был выполнен только частично. (0x12B)
[0704/183352:WARNING:pe_image_reader.cc(280)] could not read dos header from C:\Program Files (x86)\Google\Chrome\Application\chrome.exe
[0704/183352:ERROR:process_reader_win.cc(232)] ReadMemory at 0x779d0000 of 64 bytes failed: Запрос ReadProcessMemory или WriteProcessMemory был выполнен только частично. (0x12B)
[0704/183352:WARNING:pe_image_reader.cc(280)] could not read dos header from C:\Windows\SYSTEM32\ntdll.dll
[0704/183352:ERROR:process_reader_win.cc(232)] ReadMemory at 0x74c40000 of 64 bytes failed: Запрос ReadProcessMemory или WriteProcessMemory был выполнен только частично. (0x12B)
[0704/183352:WARNING:pe_image_reader.cc(280)] could not read dos header from C:\Windows\SYSTEM32\KERNELBASE.dll
[0704/183352:ERROR:process_reader_win.cc(232)] ReadMemory at 0x75350000 of 64 bytes failed: Запрос ReadProcessMemory или WriteProcessMemory был выполнен только частично. (0x12B)
[0704/183352:WARNING:pe_image_reader.cc(280)] could not read dos header from C:\Windows\SYSTEM32\KERNEL32.DLL
[0704/183352:ERROR:process_reader_win.cc(232)] ReadMemory at 0x734d0000 of 64 bytes failed: Запрос ReadProcessMemory или WriteProcessMemory был выполнен только частично. (0x12B)
[0704/183352:WARNING:pe_image_reader.cc(280)] could not read dos header from C:\Windows\system32\apphelp.dll
[0704/183352:ERROR:process_reader_win.cc(232)] ReadMemory at 0x75070000 of 64 bytes failed: Запрос ReadProcessMemory или WriteProcessMemory был выполнен только частично. (0x12B)
[0704/183352:WARNING:pe_image_reader.cc(280)] could not read dos header from C:\Windows\SYSTEM32\msvcrt.dll
[0704/183352:ERROR:process_reader_win.cc(232)] ReadMemory at 0x74a70000 of 64 bytes failed: Запрос ReadProcessMemory или WriteProcessMemory был выполнен только частично. (0x12B)
[0704/183352:WARNING:pe_image_reader.cc(280)] could not read dos header from C:\Windows\SYSTEM32\bcryptPrimitives.dll
[0704/183352:ERROR:process_reader_win.cc(232)] ReadMemory at 0x74ad0000 of 64 bytes failed: Запрос ReadProcessMemory или WriteProcessMemory был выполнен только частично. (0x12B)
[0704/183352:WARNING:pe_image_reader.cc(280)] could not read dos header from C:\Windows\SYSTEM32\CRYPTBASE.dll
[0704/183352:ERROR:process_reader_win.cc(232)] ReadMemory at 0x74ae0000 of 64 bytes failed: Запрос ReadProcessMemory или WriteProcessMemory был выполнен только частично. (0x12B)
[0704/183352:WARNING:pe_image_reader.cc(280)] could not read dos header from C:\Windows\SYSTEM32\SspiCli.dll
[0704/183352:ERROR:process_reader_win.cc(232)] ReadMemory at 0x76f70000 of 64 bytes failed: Запрос ReadProcessMemory или WriteProcessMemory был выполнен только частично. (0x12B)
[0704/183352:WARNING:pe_image_reader.cc(280)] could not read dos header from C:\Windows\SYSTEM32\RPCRT4.dll
[0704/183352:ERROR:process_reader_win.cc(232)] ReadMemory at 0x77140000 of 64 bytes failed: Запрос ReadProcessMemory или WriteProcessMemory был выполнен только частично. (0x12B)
[0704/183352:WARNING:pe_image_reader.cc(280)] could not read dos header from C:\Windows\SYSTEM32\sechost.dll
[0704/183352:ERROR:process_reader_win.cc(232)] ReadMemory at 0x756b0000 of 64 bytes failed: Запрос ReadProcessMemory или WriteProcessMemory был выполнен только частично. (0x12B)
[0704/183352:WARNING:pe_image_reader.cc(280)] could not read dos header from C:\Windows\SYSTEM32\ADVAPI32.dll
[0704/183352:ERROR:process_reader_win.cc(232)] ReadMemory at 0x67dd0000 of 64 bytes failed: Запрос ReadProcessMemory или WriteProcessMemory был выполнен только частично. (0x12B)
[0704/183352:WARNING:pe_image_reader.cc(280)] could not read dos header from C:\Program Files (x86)\Google\Chrome\Application\51.0.2704.103\chrome_elf.dll
[0704/183352:ERROR:process_reader_win.cc(232)] ReadMemory at 0x74a60000 of 64 bytes failed: Запрос ReadProcessMemory или WriteProcessMemory был выполнен только частично. (0x12B)
[0704/183352:WARNING:pe_image_reader.cc(280)] could not read dos header from C:\Windows\SYSTEM32\VERSION.dll
[0704/183352:ERROR:process_reader_win.cc(232)] ReadMemory at 0x76f30000 of 64 bytes failed: Запрос ReadProcessMemory или WriteProcessMemory был выполнен только частично. (0x12B)
[0704/183352:WARNING:pe_image_reader.cc(280)] could not read dos header from C:\Windows\SYSTEM32\cfgmgr32.dll
[0704/183352:ERROR:process_reader_win.cc(232)] ReadMemory at 0x74970000 of 64 bytes failed: Запрос ReadProcessMemory или WriteProcessMemory был выполнен только частично. (0x12B)
[0704/183352:WARNING:pe_image_reader.cc(280)] could not read dos header from C:\Windows\SYSTEM32\DEVOBJ.dll
[0704/183352:ERROR:process_reader_win.cc(232)] ReadMemory at 0x71270000 of 64 bytes failed: Запрос ReadProcessMemory или WriteProcessMemory был выполнен только частично. (0x12B)
[0704/183352:WARNING:pe_image_reader.cc(280)] could not read dos header from C:\Windows\SYSTEM32\WINMMBASE.dll
[0704/183352:ERROR:process_reader_win.cc(232)] ReadMemory at 0x75500000 of 64 bytes failed: Запрос ReadProcessMemory или WriteProcessMemory был выполнен только частично. (0x12B)
[0704/183352:WARNING:pe_image_reader.cc(280)] could not read dos header from C:\Windows\SYSTEM32\GDI32.dll
[0704/183352:ERROR:process_reader_win.cc(232)] ReadMemory at 0x757a0000 of 64 bytes failed: Запрос ReadProcessMemory или WriteProcessMemory был выполнен только частично. (0x12B)
[0704/183352:WARNING:pe_image_reader.cc(280)] could not read dos header from C:\Windows\SYSTEM32\USER32.dll
[0704/183352:ERROR:process_reader_win.cc(232)] ReadMemory at 0x77020000 of 64 bytes failed: Запрос ReadProcessMemory или WriteProcessMemory был выполнен только частично. (0x12B)
[0704/183352:WARNING:pe_image_reader.cc(280)] could not read dos header from C:\Windows\SYSTEM32\MSCTF.dll
[0704/183352:ERROR:process_reader_win.cc(232)] ReadMemory at 0x74dc0000 of 64 bytes failed: Запрос ReadProcessMemory или WriteProcessMemory был выполнен только частично. (0x12B)
[0704/183352:WARNING:pe_image_reader.cc(280)] could not read dos header from C:\Windows\SYSTEM32\IMM32.DLL
[0704/183352:ERROR:process_reader_win.cc(232)] ReadMemory at 0x712b0000 of 64 bytes failed: Запрос ReadProcessMemory или WriteProcessMemory был выполнен только частично. (0x12B)
[0704/183352:WARNING:pe_image_reader.cc(280)] could not read dos header from C:\Windows\SYSTEM32\WINMM.dll
[0704/183352:ERROR:process_reader_win.cc(232)] ReadMemory at 0x758f0000 of 64 bytes failed: Запрос ReadProcessMemory или WriteProcessMemory был выполнен только частично. (0x12B)
[0704/183352:WARNING:pe_image_reader.cc(280)] could not read dos header from C:\Windows\SYSTEM32\profapi.dll
[0704/183352:ERROR:process_reader_win.cc(232)] ReadMemory at 0x74920000 of 64 bytes failed: Запрос ReadProcessMemory или WriteProcessMemory был выполнен только частично. (0x12B)
[0704/183352:WARNING:pe_image_reader.cc(280)] could not read dos header from C:\Windows\SYSTEM32\USERENV.dll
[0704/183352:ERROR:process_reader_win.cc(232)] ReadMemory at 0x748f0000 of 64 bytes failed: Запрос ReadProcessMemory или WriteProcessMemory был выполнен только частично. (0x12B)
[0704/183352:WARNING:pe_image_reader.cc(280)] could not read dos header from C:\Windows\SYSTEM32\WTSAPI32.dll
[0704/183352:ERROR:process_reader_win.cc(232)] ReadMemory at 0x71010000 of 64 bytes failed: Запрос ReadProcessMemory или WriteProcessMemory был выполнен только частично. (0x12B)
[0704/183352:WARNING:pe_image_reader.cc(280)] could not read dos header from C:\Windows\SYSTEM32\WINHTTP.dll
[0704/183352:ERROR:process_reader_win.cc(232)] ReadMemory at 0x75900000 of 64 bytes failed: Запрос ReadProcessMemory или WriteProcessMemory был выполнен только частично. (0x12B)
[0704/183352:WARNING:pe_image_reader.cc(280)] could not read dos header from C:\Windows\SYSTEM32\combase.dll
[0704/183352:ERROR:process_reader_win.cc(232)] ReadMemory at 0x75660000 of 64 bytes failed: Запрос ReadProcessMemory или WriteProcessMemory был выполнен только частично. (0x12B)
[0704/183352:WARNING:pe_image_reader.cc(280)] could not read dos header from C:\Windows\SYSTEM32\shlwapi.dll
[0704/183352:ERROR:process_reader_win.cc(232)] ReadMemory at 0x75650000 of 64 bytes failed: Запрос ReadProcessMemory или WriteProcessMemory был выполнен только частично. (0x12B)
[0704/183352:WARNING:pe_image_reader.cc(280)] could not read dos header from C:\Windows\SYSTEM32\kernel.appcore.dll
[0704/183352:ERROR:process_reader_win.cc(232)] ReadMemory at 0x752b0000 of 64 bytes failed: Запрос ReadProcessMemory или WriteProcessMemory был выполнен только частично. (0x12B)
[0704/183352:WARNING:pe_image_reader.cc(280)] could not read dos header from C:\Windows\SYSTEM32\shcore.dll
[0704/183352:ERROR:process_reader_win.cc(232)] ReadMemory at 0x76e80000 of 64 bytes failed: Запрос ReadProcessMemory или WriteProcessMemory был выполнен только частично. (0x12B)
[0704/183352:WARNING:pe_image_reader.cc(280)] could not read dos header from C:\Windows\SYSTEM32\powrprof.dll
[0704/183352:ERROR:process_reader_win.cc(232)] ReadMemory at 0x77190000 of 64 bytes failed: Запрос ReadProcessMemory или WriteProcessMemory был выполнен только частично. (0x12B)
[0704/183352:WARNING:pe_image_reader.cc(280)] could not read dos header from C:\Windows\SYSTEM32\windows.storage.dll
[0704/183352:ERROR:process_reader_win.cc(232)] ReadMemory at 0x75ac0000 of 64 bytes failed: Запрос ReadProcessMemory или WriteProcessMemory был выполнен только частично. (0x12B)
[0704/183352:WARNING:pe_image_reader.cc(280)] could not read dos header from C:\Windows\SYSTEM32\SHELL32.dll
[0704/183352:ERROR:process_reader_win.cc(232)] ReadMemory at 0x75340000 of 64 bytes failed: Запрос ReadProcessMemory или WriteProcessMemory был выполнен только частично. (0x12B)
[0704/183352:WARNING:pe_image_reader.cc(280)] could not read dos header from C:\Windows\SYSTEM32\PSAPI.DLL
[0704/183352:ERROR:process_reader_win.cc(232)] ReadMemory at 0x749d0000 of 64 bytes failed: Запрос ReadProcessMemory или WriteProcessMemory был выполнен только частично. (0x12B)
[0704/183352:WARNING:pe_image_reader.cc(280)] could not read dos header from C:\Windows\SYSTEM32\bcrypt.dll
[0704/183352:ERROR:process_reader_win.cc(232)] ReadMemory at 0x749f0000 of 64 bytes failed: Запрос ReadProcessMemory или WriteProcessMemory был выполнен только частично. (0x12B)
[0704/183352:WARNING:pe_image_reader.cc(280)] could not read dos header from C:\Windows\SYSTEM32\WINSPOOL.DRV
[0704/183352:ERROR:process_reader_win.cc(232)] ReadMemory at 0x743b0000 of 64 bytes failed: Запрос ReadProcessMemory или WriteProcessMemory был выполнен только частично. (0x12B)
[0704/183352:WARNING:pe_image_reader.cc(280)] could not read dos header from C:\Windows\WinSxS\x86_microsoft.windows.common-controls_6595b64144ccf1df_6.0.10240.16384_none_3bccb1ff6bcd1849\COMCTL32.dll
[0704/183352:ERROR:process_reader_win.cc(232)] ReadMemory at 0x75440000 of 64 bytes failed: Запрос ReadProcessMemory или WriteProcessMemory был выполнен только частично. (0x12B)
[0704/183352:WARNING:pe_image_reader.cc(280)] could not read dos header from C:\Windows\SYSTEM32\COMDLG32.dll
[0704/183352:ERROR:process_reader_win.cc(232)] ReadMemory at 0x777e0000 of 64 bytes failed: Запрос ReadProcessMemory или WriteProcessMemory был выполнен только частично. (0x12B)
[0704/183352:WARNING:pe_image_reader.cc(280)] could not read dos header from C:\Windows\SYSTEM32\ole32.dll
[0704/183352:ERROR:process_reader_win.cc(232)] ReadMemory at 0x74b00000 of 64 bytes failed: Запрос ReadProcessMemory или WriteProcessMemory был выполнен только частично. (0x12B)
[0704/183352:WARNING:pe_image_reader.cc(280)] could not read dos header from C:\Windows\SYSTEM32\OLEAUT32.dll
[0704/183352:ERROR:process_reader_win.cc(232)] ReadMemory at 0x75790000 of 64 bytes failed: Запрос ReadProcessMemory или WriteProcessMemory был выполнен только частично. (0x12B)
[0704/183352:WARNING:pe_image_reader.cc(280)] could not read dos header from C:\Windows\SYSTEM32\NSI.dll
[0704/183352:ERROR:process_reader_win.cc(232)] ReadMemory at 0x743a0000 of 64 bytes failed: Запрос ReadProcessMemory или WriteProcessMemory был выполнен только частично. (0x12B)
[0704/183352:WARNING:pe_image_reader.cc(280)] could not read dos header from C:\Windows\SYSTEM32\WINNSI.DLL
[0704/183352:ERROR:process_reader_win.cc(232)] ReadMemory at 0x74940000 of 64 bytes failed: Запрос ReadProcessMemory или WriteProcessMemory был выполнен только частично. (0x12B)
[0704/183352:WARNING:pe_image_reader.cc(280)] could not read dos header from C:\Windows\SYSTEM32\IPHLPAPI.DLL
[0704/183352:ERROR:process_reader_win.cc(232)] ReadMemory at 0x74fa0000 of 64 bytes failed: Запрос ReadProcessMemory или WriteProcessMemory был выполнен только частично. (0x12B)
[0704/183352:WARNING:pe_image_reader.cc(280)] could not read dos header from C:\Windows\SYSTEM32\WS2_32.dll
[0704/183352:ERROR:process_reader_win.cc(232)] ReadMemory at 0x73b50000 of 64 bytes failed: Запрос ReadProcessMemory или WriteProcessMemory был выполнен только частично. (0x12B)
[0704/183352:WARNING:pe_image_reader.cc(280)] could not read dos header from C:\Windows\SYSTEM32\USP10.dll
[0704/183352:ERROR:process_reader_win.cc(232)] ReadMemory at 0x75060000 of 64 bytes failed: Запрос ReadProcessMemory или WriteProcessMemory был выполнен только частично. (0x12B)
[0704/183352:WARNING:pe_image_reader.cc(280)] could not read dos header from C:\Windows\SYSTEM32\MSASN1.dll
[0704/183352:ERROR:process_reader_win.cc(232)] ReadMemory at 0x75130000 of 64 bytes failed: Запрос ReadProcessMemory или WriteProcessMemory был выполнен только частично. (0x12B)
[0704/183352:WARNING:pe_image_reader.cc(280)] could not read dos header from C:\Windows\SYSTEM32\CRYPT32.dll
[0704/183352:ERROR:process_reader_win.cc(232)] ReadMemory at 0x77980000 of 64 bytes failed: Запрос ReadProcessMemory или WriteProcessMemory был выполнен только частично. (0x12B)
[0704/183352:WARNING:pe_image_reader.cc(280)] could not read dos header from C:\Windows\SYSTEM32\WINTRUST.dll
[0704/183352:ERROR:process_reader_win.cc(232)] ReadMemory at 0x70ee0000 of 64 bytes failed: Запрос ReadProcessMemory или WriteProcessMemory был выполнен только частично. (0x12B)
[0704/183352:WARNING:pe_image_reader.cc(280)] could not read dos header from C:\Windows\SYSTEM32\Secur32.dll
[0704/183352:ERROR:process_reader_win.cc(232)] ReadMemory at 0x624e0000 of 64 bytes failed: Запрос ReadProcessMemory или WriteProcessMemory был выполнен только частично. (0x12B)
[0704/183352:WARNING:pe_image_reader.cc(280)] could not read dos header from C:\Program Files (x86)\Google\Chrome\Application\51.0.2704.103\chrome_child.dll
[0704/183352:ERROR:process_reader_win.cc(232)] ReadMemory at 0x70160000 of 64 bytes failed: Запрос ReadProcessMemory или WriteProcessMemory был выполнен только частично. (0x12B)
[0704/183352:WARNING:pe_image_reader.cc(280)] could not read dos header from C:\Windows\SYSTEM32\dwrite.dll
[0704/183352:ERROR:process_reader_win.cc(232)] ReadMemory at 0x1d0000 of 64 bytes failed: Запрос ReadProcessMemory или WriteProcessMemory был выполнен только частично. (0x12B)
[0704/183352:WARNING:pe_image_reader.cc(280)] could not read dos header from C:\Program Files (x86)\Google\Chrome\Application\chrome.exe
[0704/183352:ERROR:process_reader_win.cc(232)] ReadMemory at 0x779d0000 of 64 bytes failed: Запрос ReadProcessMemory или WriteProcessMemory был выполнен только частично. (0x12B)
[0704/183352:WARNING:pe_image_reader.cc(280)] could not read dos header from C:\Windows\SYSTEM32\ntdll.dll
[0704/183352:ERROR:process_reader_win.cc(232)] ReadMemory at 0x74c40000 of 64 bytes failed: Запрос ReadProcessMemory или WriteProcessMemory был выполнен только частично. (0x12B)
[0704/183352:WARNING:pe_image_reader.cc(280)] could not read dos header from C:\Windows\SYSTEM32\KERNELBASE.dll
[0704/183352:ERROR:process_reader_win.cc(232)] ReadMemory at 0x75350000 of 64 bytes failed: Запрос ReadProcessMemory или WriteProcessMemory был выполнен только частично. (0x12B)
[0704/183352:WARNING:pe_image_reader.cc(280)] could not read dos header from C:\Windows\SYSTEM32\KERNEL32.DLL
[0704/183352:ERROR:process_reader_win.cc(232)] ReadMemory at 0x734d0000 of 64 bytes failed: Запрос ReadProcessMemory или WriteProcessMemory был выполнен только частично. (0x12B)
[0704/183352:WARNING:pe_image_reader.cc(280)] could not read dos header from C:\Windows\system32\apphelp.dll
[0704/183352:ERROR:process_reader_win.cc(232)] ReadMemory at 0x75070000 of 64 bytes failed: Запрос ReadProcessMemory или WriteProcessMemory был выполнен только частично. (0x12B)
[0704/183352:WARNING:pe_image_reader.cc(280)] could not read dos header from C:\Windows\SYSTEM32\msvcrt.dll
[0704/183352:ERROR:process_reader_win.cc(232)] ReadMemory at 0x74a70000 of 64 bytes failed: Запрос ReadProcessMemory или WriteProcessMemory был выполнен только частично. (0x12B)
[0704/183352:WARNING:pe_image_reader.cc(280)] could not read dos header from C:\Windows\SYSTEM32\bcryptPrimitives.dll
[0704/183352:ERROR:process_reader_win.cc(232)] ReadMemory at 0x74ad0000 of 64 bytes failed: Запрос ReadProcessMemory или WriteProcessMemory был выполнен только частично. (0x12B)
[0704/183352:WARNING:pe_image_reader.cc(280)] could not read dos header from C:\Windows\SYSTEM32\CRYPTBASE.dll
[0704/183352:ERROR:process_reader_win.cc(232)] ReadMemory at 0x74ae0000 of 64 bytes failed: Запрос ReadProcessMemory или WriteProcessMemory был выполнен только частично. (0x12B)
[0704/183352:WARNING:pe_image_reader.cc(280)] could not read dos header from C:\Windows\SYSTEM32\SspiCli.dll
[0704/183352:ERROR:process_reader_win.cc(232)] ReadMemory at 0x76f70000 of 64 bytes failed: Запрос ReadProcessMemory или WriteProcessMemory был выполнен только частично. (0x12B)
[0704/183352:WARNING:pe_image_reader.cc(280)] could not read dos header from C:\Windows\SYSTEM32\RPCRT4.dll
[0704/183352:ERROR:process_reader_win.cc(232)] ReadMemory at 0x77140000 of 64 bytes failed: Запрос ReadProcessMemory или WriteProcessMemory был выполнен только частично. (0x12B)
[0704/183352:WARNING:pe_image_reader.cc(280)] could not read dos header from C:\Windows\SYSTEM32\sechost.dll
[0704/183352:ERROR:process_reader_win.cc(232)] ReadMemory at 0x756b0000 of 64 bytes failed: Запрос ReadProcessMemory или WriteProcessMemory был выполнен только частично. (0x12B)
[0704/183352:WARNING:pe_image_reader.cc(280)] could not read dos header from C:\Windows\SYSTEM32\ADVAPI32.dll
[0704/183352:ERROR:process_reader_win.cc(232)] ReadMemory at 0x67dd0000 of 64 bytes failed: Запрос ReadProcessMemory или WriteProcessMemory был выполнен только частично. (0x12B)
[0704/183352:WARNING:pe_image_reader.cc(280)] could not read dos header from C:\Program Files (x86)\Google\Chrome\Application\51.0.2704.103\chrome_elf.dll
[0704/183352:ERROR:process_reader_win.cc(232)] ReadMemory at 0x74a60000 of 64 bytes failed: Запрос ReadProcessMemory или WriteProcessMemory был выполнен только частично. (0x12B)
[0704/183352:WARNING:pe_image_reader.cc(280)] could not read dos header from C:\Windows\SYSTEM32\VERSION.dll
[0704/183352:ERROR:process_reader_win.cc(232)] ReadMemory at 0x76f30000 of 64 bytes failed: Запрос ReadProcessMemory или WriteProcessMemory был выполнен только частично. (0x12B)
[0704/183352:WARNING:pe_image_reader.cc(280)] could not read dos header from C:\Windows\SYSTEM32\cfgmgr32.dll
[0704/183352:ERROR:process_reader_win.cc(232)] ReadMemory at 0x74970000 of 64 bytes failed: Запрос ReadProcessMemory или WriteProcessMemory был выполнен только частично. (0x12B)
[0704/183352:WARNING:pe_image_reader.cc(280)] could not read dos header from C:\Windows\SYSTEM32\DEVOBJ.dll
[0704/183352:ERROR:process_reader_win.cc(232)] ReadMemory at 0x71270000 of 64 bytes failed: Запрос ReadProcessMemory или WriteProcessMemory был выполнен только частично. (0x12B)
[0704/183352:WARNING:pe_image_reader.cc(280)] could not read dos header from C:\Windows\SYSTEM32\WINMMBASE.dll
[0704/183352:ERROR:process_reader_win.cc(232)] ReadMemory at 0x75500000 of 64 bytes failed: Запрос ReadProcessMemory или WriteProcessMemory был выполнен только частично. (0x12B)
[0704/183352:WARNING:pe_image_reader.cc(280)] could not read dos header from C:\Windows\SYSTEM32\GDI32.dll
[0704/183352:ERROR:process_reader_win.cc(232)] ReadMemory at 0x757a0000 of 64 bytes failed: Запрос ReadProcessMemory или WriteProcessMemory был выполнен только частично. (0x12B)
[0704/183352:WARNING:pe_image_reader.cc(280)] could not read dos header from C:\Windows\SYSTEM32\USER32.dll
[0704/183352:ERROR:process_reader_win.cc(232)] ReadMemory at 0x77020000 of 64 bytes failed: Запрос ReadProcessMemory или WriteProcessMemory был выполнен только частично. (0x12B)
[0704/183352:WARNING:pe_image_reader.cc(280)] could not read dos header from C:\Windows\SYSTEM32\MSCTF.dll
[0704/183352:ERROR:process_reader_win.cc(232)] ReadMemory at 0x74dc0000 of 64 bytes failed: Запрос ReadProcessMemory или WriteProcessMemory был выполнен только частично. (0x12B)
[0704/183352:WARNING:pe_image_reader.cc(280)] could not read dos header from C:\Windows\SYSTEM32\IMM32.DLL
[0704/183352:ERROR:process_reader_win.cc(232)] ReadMemory at 0x712b0000 of 64 bytes failed: Запрос ReadProcessMemory или WriteProcessMemory был выполнен только частично. (0x12B)
[0704/183352:WARNING:pe_image_reader.cc(280)] could not read dos header from C:\Windows\SYSTEM32\WINMM.dll
[0704/183352:ERROR:process_reader_win.cc(232)] ReadMemory at 0x758f0000 of 64 bytes failed: Запрос ReadProcessMemory или WriteProcessMemory был выполнен только частично. (0x12B)
[0704/183352:WARNING:pe_image_reader.cc(280)] could not read dos header from C:\Windows\SYSTEM32\profapi.dll
[0704/183352:ERROR:process_reader_win.cc(232)] ReadMemory at 0x74920000 of 64 bytes failed: Запрос ReadProcessMemory или WriteProcessMemory был выполнен только частично. (0x12B)
[0704/183352:WARNING:pe_image_reader.cc(280)] could not read dos header from C:\Windows\SYSTEM32\USERENV.dll
[0704/183352:ERROR:process_reader_win.cc(232)] ReadMemory at 0x748f0000 of 64 bytes failed: Запрос ReadProcessMemory или WriteProcessMemory был выполнен только частично. (0x12B)
[0704/183352:WARNING:pe_image_reader.cc(280)] could not read dos header from C:\Windows\SYSTEM32\WTSAPI32.dll
[0704/183352:ERROR:process_reader_win.cc(232)] ReadMemory at 0x71010000 of 64 bytes failed: Запрос ReadProcessMemory или WriteProcessMemory был выполнен только частично. (0x12B)
[0704/183352:WARNING:pe_image_reader.cc(280)] could not read dos header from C:\Windows\SYSTEM32\WINHTTP.dll
[0704/183352:ERROR:process_reader_win.cc(232)] ReadMemory at 0x75900000 of 64 bytes failed: Запрос ReadProcessMemory или WriteProcessMemory был выполнен только частично. (0x12B)
[0704/183352:WARNING:pe_image_reader.cc(280)] could not read dos header from C:\Windows\SYSTEM32\combase.dll
[0704/183352:ERROR:process_reader_win.cc(232)] ReadMemory at 0x75660000 of 64 bytes failed: Запрос ReadProcessMemory или WriteProcessMemory был выполнен только частично. (0x12B)
[0704/183352:WARNING:pe_image_reader.cc(280)] could not read dos header from C:\Windows\SYSTEM32\shlwapi.dll
[0704/183352:ERROR:process_reader_win.cc(232)] ReadMemory at 0x75650000 of 64 bytes failed: Запрос ReadProcessMemory или WriteProcessMemory был выполнен только частично. (0x12B)
[0704/183352:WARNING:pe_image_reader.cc(280)] could not read dos header from C:\Windows\SYSTEM32\kernel.appcore.dll
[0704/183352:ERROR:process_reader_win.cc(232)] ReadMemory at 0x752b0000 of 64 bytes failed: Запрос ReadProcessMemory или WriteProcessMemory был выполнен только частично. (0x12B)
[0704/183352:WARNING:pe_image_reader.cc(280)] could not read dos header from C:\Windows\SYSTEM32\shcore.dll
[0704/183352:ERROR:process_reader_win.cc(232)] ReadMemory at 0x76e80000 of 64 bytes failed: Запрос ReadProcessMemory или WriteProcessMemory был выполнен только частично. (0x12B)
[0704/183352:WARNING:pe_image_reader.cc(280)] could not read dos header from C:\Windows\SYSTEM32\powrprof.dll
[0704/183352:ERROR:process_reader_win.cc(232)] ReadMemory at 0x77190000 of 64 bytes failed: Запрос ReadProcessMemory или WriteProcessMemory был выполнен только частично. (0x12B)
[0704/183352:WARNING:pe_image_reader.cc(280)] could not read dos header from C:\Windows\SYSTEM32\windows.storage.dll
[0704/183352:ERROR:process_reader_win.cc(232)] ReadMemory at 0x75ac0000 of 64 bytes failed: Запрос ReadProcessMemory или WriteProcessMemory был выполнен только частично. (0x12B)
[0704/183352:WARNING:pe_image_reader.cc(280)] could not read dos header from C:\Windows\SYSTEM32\SHELL32.dll
[0704/183352:ERROR:process_reader_win.cc(232)] ReadMemory at 0x75340000 of 64 bytes failed: Запрос ReadProcessMemory или WriteProcessMemory был выполнен только частично. (0x12B)
[0704/183352:WARNING:pe_image_reader.cc(280)] could not read dos header from C:\Windows\SYSTEM32\PSAPI.DLL
[0704/183352:ERROR:process_reader_win.cc(232)] ReadMemory at 0x749d0000 of 64 bytes failed: Запрос ReadProcessMemory или WriteProcessMemory был выполнен только частично. (0x12B)
[0704/183352:WARNING:pe_image_reader.cc(280)] could not read dos header from C:\Windows\SYSTEM32\bcrypt.dll
[0704/183352:ERROR:process_reader_win.cc(232)] ReadMemory at 0x749f0000 of 64 bytes failed: Запрос ReadProcessMemory или WriteProcessMemory был выполнен только частично. (0x12B)
[0704/183352:WARNING:pe_image_reader.cc(280)] could not read dos header from C:\Windows\SYSTEM32\WINSPOOL.DRV
[0704/183352:ERROR:process_reader_win.cc(232)] ReadMemory at 0x743b0000 of 64 bytes failed: Запрос ReadProcessMemory или WriteProcessMemory был выполнен только частично. (0x12B)
[0704/183352:WARNING:pe_image_reader.cc(280)] could not read dos header from C:\Windows\WinSxS\x86_microsoft.windows.common-controls_6595b64144ccf1df_6.0.10240.16384_none_3bccb1ff6bcd1849\COMCTL32.dll
[0704/183352:ERROR:process_reader_win.cc(232)] ReadMemory at 0x75440000 of 64 bytes failed: Запрос ReadProcessMemory или WriteProcessMemory был выполнен только частично. (0x12B)
[0704/183352:WARNING:pe_image_reader.cc(280)] could not read dos header from C:\Windows\SYSTEM32\COMDLG32.dll
[0704/183352:ERROR:process_reader_win.cc(232)] ReadMemory at 0x777e0000 of 64 bytes failed: Запрос ReadProcessMemory или WriteProcessMemory был выполнен только частично. (0x12B)
[0704/183352:WARNING:pe_image_reader.cc(280)] could not read dos header from C:\Windows\SYSTEM32\ole32.dll
[0704/183352:ERROR:process_reader_win.cc(232)] ReadMemory at 0x74b00000 of 64 bytes failed: Запрос ReadProcessMemory или WriteProcessMemory был выполнен только частично. (0x12B)
[0704/183352:WARNING:pe_image_reader.cc(280)] could not read dos header from C:\Windows\SYSTEM32\OLEAUT32.dll
[0704/183352:ERROR:process_reader_win.cc(232)] ReadMemory at 0x75790000 of 64 bytes failed: Запрос ReadProcessMemory или WriteProcessMemory был выполнен только частично. (0x12B)
[0704/183352:WARNING:pe_image_reader.cc(280)] could not read dos header from C:\Windows\SYSTEM32\NSI.dll
[0704/183352:ERROR:process_reader_win.cc(232)] ReadMemory at 0x743a0000 of 64 bytes failed: Запрос ReadProcessMemory или WriteProcessMemory был выполнен только частично. (0x12B)
[0704/183352:WARNING:pe_image_reader.cc(280)] could not read dos header from C:\Windows\SYSTEM32\WINNSI.DLL
[0704/183352:ERROR:process_reader_win.cc(232)] ReadMemory at 0x74940000 of 64 bytes failed: Запрос ReadProcessMemory или WriteProcessMemory был выполнен только частично. (0x12B)
[0704/183352:WARNING:pe_image_reader.cc(280)] could not read dos header from C:\Windows\SYSTEM32\IPHLPAPI.DLL
[0704/183352:ERROR:process_reader_win.cc(232)] ReadMemory at 0x74fa0000 of 64 bytes failed: Запрос ReadProcessMemory или WriteProcessMemory был выполнен только частично. (0x12B)
[0704/183352:WARNING:pe_image_reader.cc(280)] could not read dos header from C:\Windows\SYSTEM32\WS2_32.dll
[0704/183352:ERROR:process_reader_win.cc(232)] ReadMemory at 0x73b50000 of 64 bytes failed: Запрос ReadProcessMemory или WriteProcessMemory был выполнен только частично. (0x12B)
[0704/183352:WARNING:pe_image_reader.cc(280)] could not read dos header from C:\Windows\SYSTEM32\USP10.dll
[0704/183352:ERROR:process_reader_win.cc(232)] ReadMemory at 0x75060000 of 64 bytes failed: Запрос ReadProcessMemory или WriteProcessMemory был выполнен только частично. (0x12B)
[0704/183352:WARNING:pe_image_reader.cc(280)] could not read dos header from C:\Windows\SYSTEM32\MSASN1.dll
[0704/183352:ERROR:process_reader_win.cc(232)] ReadMemory at 0x75130000 of 64 bytes failed: Запрос ReadProcessMemory или WriteProcessMemory был выполнен только частично. (0x12B)
[0704/183352:WARNING:pe_image_reader.cc(280)] could not read dos header from C:\Windows\SYSTEM32\CRYPT32.dll
[0704/183352:ERROR:process_reader_win.cc(232)] ReadMemory at 0x77980000 of 64 bytes failed: Запрос ReadProcessMemory или WriteProcessMemory был выполнен только частично. (0x12B)
[0704/183352:WARNING:pe_image_reader.cc(280)] could not read dos header from C:\Windows\SYSTEM32\WINTRUST.dll
[0704/183352:ERROR:process_reader_win.cc(232)] ReadMemory at 0x70ee0000 of 64 bytes failed: Запрос ReadProcessMemory или WriteProcessMemory был выполнен только частично. (0x12B)
[0704/183352:WARNING:pe_image_reader.cc(280)] could not read dos header from C:\Windows\SYSTEM32\Secur32.dll
[0704/183352:ERROR:process_reader_win.cc(232)] ReadMemory at 0x624e0000 of 64 bytes failed: Запрос ReadProcessMemory или WriteProcessMemory был выполнен только частично. (0x12B)
[0704/183352:WARNING:pe_image_reader.cc(280)] could not read dos header from C:\Program Files (x86)\Google\Chrome\Application\51.0.2704.103\chrome_child.dll
[0704/183352:ERROR:process_reader_win.cc(232)] ReadMemory at 0x70160000 of 64 bytes failed: Запрос ReadProcessMemory или WriteProcessMemory был выполнен только частично. (0x12B)
[0704/183352:WARNING:pe_image_reader.cc(280)] could not read dos header from C:\Windows\SYSTEM32\dwrite.dll
[0704/183352:ERROR:process_reader_win.cc(232)] ReadMemory at 0x805000 of 45056 bytes failed: Запрос ReadProcessMemory или WriteProcessMemory был выполнен только частично. (0x12B)
[0704/183352:ERROR:crash_report_exception_handler.cc(102)] WriteEverything failed
[0704/183352:ERROR:scoped_process_suspend.cc(38)] NtResumeProcess, ntstatus=-1073741558
